2023-04-24 15:58:32:5832 [37mdebug[39m: [37mServer listening on port 8800[39m
2023-04-24 15:59:20:5920 [37mdebug[39m: [37mServer listening on port 8800[39m
2023-04-24 15:59:20:5920 [32minfo[39m: [32mPromise { undefined }[39m
2023-04-24 15:59:56:5956 [37mdebug[39m: [37mServer listening on port 8800[39m
2023-04-24 15:59:56:5956 [37mdebug[39m: [37mPromise { undefined }[39m
2023-04-24 16:01:42:142 [37mdebug[39m: [37mServer listening on port 8800[39m
2023-04-24 16:01:42:142 [37mdebug[39m: [37mConnected to mongodb server successfully![39m
2023-04-24 16:02:47:247 [37mdebug[39m: [37mServer listening on port 8800[39m
2023-04-24 16:02:47:247 [37mdebug[39m: [37mConnected to mongodb server successfully![39m
2023-04-24 16:09:29:929 [37mdebug[39m: [37mServer listening on port 8800[39m
2023-04-24 16:09:40:940 [32minfo[39m: [32mConnected to MongoDB successfully[39m
2023-04-24 16:10:07:107 [37mdebug[39m: [37mServer listening on port 8800[39m
2023-04-24 16:10:18:1018 [32minfo[39m: [32mConnected to MongoDB successfully[39m
2023-04-24 16:28:27:2827 [37mdebug[39m: [37mServer listening on port 8800[39m
2023-04-24 16:28:38:2838 [32minfo[39m: [32mConnected to MongoDB successfully[39m
2023-04-24 16:32:37:3237 [37mdebug[39m: [37mServer listening on port 8800[39m
2023-04-24 16:32:48:3248 [32minfo[39m: [32mConnected to MongoDB successfully[39m
2023-04-24 16:44:03:443 [37mdebug[39m: [37mServer listening on port 8800[39m
2023-04-24 16:44:14:4414 [32minfo[39m: [32mConnected to MongoDB successfully[39m
2023-04-24 16:44:44:4444 [37mdebug[39m: [37mServer listening on port 8800[39m
2023-04-24 16:44:55:4455 [32minfo[39m: [32mConnected to MongoDB successfully[39m
2023-04-24 16:57:36:5736 [37mdebug[39m: [37mServer listening on port 8800[39m
2023-04-24 16:57:47:5747 [32minfo[39m: [32mConnected to MongoDB successfully[39m
2023-04-24 16:58:10:5810 [37mdebug[39m: [37mServer listening on port 8800[39m
2023-04-24 16:58:22:5822 [32minfo[39m: [32mConnected to MongoDB successfully[39m
2023-04-24 17:04:26:426 [37mdebug[39m: [37mServer listening on port 8800[39m
2023-04-24 17:04:37:437 [32minfo[39m: [32mConnected to MongoDB successfully[39m
2023-04-24 17:04:54:454 [37mdebug[39m: [37mServer listening on port 8800[39m
2023-04-24 17:05:05:55 [32minfo[39m: [32mConnected to MongoDB successfully[39m
2023-04-24 17:06:32:632 [37mdebug[39m: [37mServer listening on port 8800[39m
2023-04-24 17:06:43:643 [32minfo[39m: [32mConnected to MongoDB successfully[39m
2023-04-24 17:07:32:732 [35mhttp[39m: [35mPOST /api/pins 200 277 - 789.595 ms[39m
[35m[39m
2023-04-24 17:10:18:1018 [37mdebug[39m: [37mServer listening on port 8800[39m
2023-04-24 17:10:29:1029 [32minfo[39m: [32mConnected to MongoDB successfully[39m
2023-04-24 17:12:20:1220 [37mdebug[39m: [37mServer listening on port 8800[39m
2023-04-24 17:12:31:1231 [32minfo[39m: [32mConnected to MongoDB successfully[39m
2023-04-24 17:14:10:1410 [35mhttp[39m: [35mPOST /api/pins 200 285 - 818.485 ms[39m
[35m[39m
2023-04-24 17:18:08:188 [37mdebug[39m: [37mServer listening on port 8800[39m
2023-04-24 17:18:19:1819 [32minfo[39m: [32mConnected to MongoDB successfully[39m
2023-04-24 17:19:36:1936 [37mdebug[39m: [37mServer listening on port 8800[39m
2023-04-24 17:19:48:1948 [32minfo[39m: [32mConnected to MongoDB successfully[39m
2023-04-24 17:20:23:2023 [37mdebug[39m: [37mServer listening on port 8800[39m
2023-04-24 17:20:34:2034 [32minfo[39m: [32mConnected to MongoDB successfully[39m
2023-04-24 17:20:38:2038 [35mhttp[39m: [35mGET /api/pins 500 502 - 135.216 ms[39m
[35m[39m
2023-04-24 17:21:01:211 [35mhttp[39m: [35mGET /api/pins 500 502 - 126.002 ms[39m
[35m[39m
2023-04-24 17:21:53:2153 [37mdebug[39m: [37mServer listening on port 8800[39m
2023-04-24 17:22:05:225 [32minfo[39m: [32mConnected to MongoDB successfully[39m
2023-04-24 17:22:08:228 [35mhttp[39m: [35mGET /api/pins 200 502 - 161.175 ms[39m
[35m[39m
2023-04-24 17:24:29:2429 [37mdebug[39m: [37mServer listening on port 8800[39m
2023-04-24 17:24:40:2440 [32minfo[39m: [32mConnected to MongoDB successfully[39m
2023-04-24 17:29:14:2914 [37mdebug[39m: [37mServer listening on port 8800[39m
2023-04-24 17:29:26:2926 [32minfo[39m: [32mConnected to MongoDB successfully[39m
2023-04-24 17:30:53:3053 [37mdebug[39m: [37mServer listening on port 8800[39m
2023-04-24 17:31:04:314 [32minfo[39m: [32mConnected to MongoDB successfully[39m
2023-04-24 17:31:52:3152 [37mdebug[39m: [37mServer listening on port 8800[39m
2023-04-24 17:32:04:324 [32minfo[39m: [32mConnected to MongoDB successfully[39m
2023-04-24 17:32:14:3214 [37mdebug[39m: [37mServer listening on port 8800[39m
2023-04-24 17:32:26:3226 [32minfo[39m: [32mConnected to MongoDB successfully[39m
2023-04-24 17:54:38:5438 [37mdebug[39m: [37mServer listening on port 8800[39m
2023-04-24 17:54:50:5450 [32minfo[39m: [32mConnected to MongoDB successfully[39m
2023-04-24 17:59:16:5916 [37mdebug[39m: [37mServer listening on port 8800[39m
2023-04-24 17:59:28:5928 [32minfo[39m: [32mConnected to MongoDB successfully[39m
2023-04-24 18:00:27:027 [37mdebug[39m: [37mServer listening on port 8800[39m
2023-04-24 18:06:00:60 [37mdebug[39m: [37mServer listening on port 8800[39m
2023-04-24 18:06:11:611 [32minfo[39m: [32mConnected to MongoDB successfully[39m
2023-04-24 18:07:29:729 [37mdebug[39m: [37mServer listening on port 8800[39m
2023-04-24 18:07:40:740 [32minfo[39m: [32mConnected to MongoDB successfully[39m
2023-04-24 18:07:51:751 [37mdebug[39m: [37mServer listening on port 8800[39m
2023-04-24 18:08:03:83 [32minfo[39m: [32mConnected to MongoDB successfully[39m
2023-04-24 18:08:16:816 [37mdebug[39m: [37mServer listening on port 8800[39m
2023-04-24 18:08:27:827 [32minfo[39m: [32mConnected to MongoDB successfully[39m
2023-04-24 18:08:50:850 [35mhttp[39m: [35mPOST /api/users/register 200 285 - 220.451 ms[39m
[35m[39m
2023-04-24 18:09:55:955 [35mhttp[39m: [35mPOST /api/users/register 200 287 - 869.209 ms[39m
[35m[39m
2023-04-24 18:11:59:1159 [37mdebug[39m: [37mServer listening on port 8800[39m
2023-04-24 18:12:10:1210 [32minfo[39m: [32mConnected to MongoDB successfully[39m
2023-04-24 18:12:14:1214 [35mhttp[39m: [35mPOST /api/users/register 200 73 - 234.490 ms[39m
[35m[39m
2023-04-24 18:32:55:3255 [37mdebug[39m: [37mServer listening on port 8800[39m
2023-04-24 18:33:07:337 [32minfo[39m: [32mConnected to MongoDB successfully[39m
2023-04-24 18:33:30:3330 [37mdebug[39m: [37mServer listening on port 8800[39m
2023-04-24 18:33:42:3342 [32minfo[39m: [32mConnected to MongoDB successfully[39m
2023-04-24 18:34:14:3414 [37mdebug[39m: [37mServer listening on port 8800[39m
2023-04-24 18:34:25:3425 [32minfo[39m: [32mConnected to MongoDB successfully[39m
2023-04-24 18:34:47:3447 [37mdebug[39m: [37mServer listening on port 8800[39m
2023-04-24 18:34:59:3459 [32minfo[39m: [32mConnected to MongoDB successfully[39m
2023-04-24 18:35:30:3530 [37mdebug[39m: [37mServer listening on port 8800[39m
2023-04-24 18:35:41:3541 [32minfo[39m: [32mConnected to MongoDB successfully[39m
2023-04-24 18:36:23:3623 [37mdebug[39m: [37mServer listening on port 8800[39m
2023-04-24 18:36:35:3635 [32minfo[39m: [32mConnected to MongoDB successfully[39m
2023-04-24 18:37:31:3731 [37mdebug[39m: [37mServer listening on port 8800[39m
2023-04-24 18:37:42:3742 [32minfo[39m: [32mConnected to MongoDB successfully[39m
2023-04-24 18:37:49:3749 [35mhttp[39m: [35mPOST /api/users/login 200 114 - 132.268 ms[39m
[35m[39m
2023-04-24 18:37:57:3757 [35mhttp[39m: [35mPOST /api/users/login 200 114 - 129.775 ms[39m
[35m[39m
2023-04-24 18:38:02:382 [35mhttp[39m: [35mPOST /api/users/login 200 114 - 125.137 ms[39m
[35m[39m
2023-04-24 18:38:05:385 [35mhttp[39m: [35mPOST /api/users/login 200 114 - 122.935 ms[39m
[35m[39m
2023-04-24 18:38:19:3819 [35mhttp[39m: [35mPOST /api/users/login 200 114 - 124.781 ms[39m
[35m[39m
2023-04-24 18:38:25:3825 [31merror[39m: [31mCannot read property 'password' of null[39m
2023-04-24 18:38:25:3825 [35mhttp[39m: [35mPOST /api/users/login 500 28 - 121.340 ms[39m
[35m[39m
2023-04-24 18:38:32:3832 [35mhttp[39m: [35mPOST /api/users/login 200 114 - 122.106 ms[39m
[35m[39m
2023-04-24 18:39:52:3952 [37mdebug[39m: [37mServer listening on port 8800[39m
2023-04-24 18:40:04:404 [32minfo[39m: [32mConnected to MongoDB successfully[39m
2023-04-24 18:40:09:409 [35mhttp[39m: [35mPOST /api/users/login 200 114 - 154.567 ms[39m
[35m[39m
2023-04-24 18:41:04:414 [37mdebug[39m: [37mServer listening on port 8800[39m
2023-04-24 18:41:15:4115 [32minfo[39m: [32mConnected to MongoDB successfully[39m
2023-04-24 18:41:20:4120 [31merror[39m: [31mCannot set headers after they are sent to the client[39m
2023-04-24 18:41:20:4120 [35mhttp[39m: [35mPOST /api/users/login 500 32 - 213.060 ms[39m
[35m[39m
2023-04-24 18:41:24:4124 [35mhttp[39m: [35mPOST /api/users/login 200 114 - 203.616 ms[39m
[35m[39m
2023-04-24 18:42:14:4214 [37mdebug[39m: [37mServer listening on port 8800[39m
2023-04-24 18:42:25:4225 [37mdebug[39m: [37mServer listening on port 8800[39m
2023-04-24 18:42:36:4236 [32minfo[39m: [32mConnected to MongoDB successfully[39m
2023-04-24 18:47:11:4711 [37mdebug[39m: [37mServer listening on port 8800[39m
2023-04-24 18:47:22:4722 [32minfo[39m: [32mConnected to MongoDB successfully[39m
2023-04-24 18:47:31:4731 [37mdebug[39m: [37mServer listening on port 8800[39m
2023-04-24 18:47:43:4743 [32minfo[39m: [32mConnected to MongoDB successfully[39m
2023-04-24 18:48:51:4851 [37mdebug[39m: [37mServer listening on port 8800[39m
2023-04-24 18:49:03:493 [32minfo[39m: [32mConnected to MongoDB successfully[39m
2023-04-24 18:49:03:493 [31merror[39m: [31mCannot set headers after they are sent to the client[39m
2023-04-24 18:49:03:493 [35mhttp[39m: [35mPOST /api/users/login 500 32 - 1770.865 ms[39m
[35m[39m
2023-04-24 18:49:08:498 [35mhttp[39m: [35mPOST /api/users/login 200 114 - 205.888 ms[39m
[35m[39m
